2026-01-21 20:05:31 - INFO - Logging to: logs/input_unified_goldenthinker_20260121200531.log
2026-01-21 20:05:31 - INFO - Computer: goldenthinker
2026-01-21 20:05:31 - INFO - Detected monitor m0: 1920x1080 at (0,0)
2026-01-21 20:05:31 - INFO - XTest extension version 2.2
2026-01-21 20:05:31 - INFO - === Unified Input Client v1.0.0 ===
2026-01-21 20:05:31 - INFO - Platform: Linux
2026-01-21 20:05:31 - INFO - Computer ID: goldenthinker
2026-01-21 20:05:31 - INFO - Role: main
2026-01-21 20:05:31 - INFO - Server: ws://localhost:8765
2026-01-21 20:05:31 - INFO - Monitors: 1
2026-01-21 20:05:31 - INFO - No evdev devices (run as root or add to 'input' group for better performance)
2026-01-21 20:05:31 - INFO - Using X11 input capture fallback mode
2026-01-21 20:05:31 - INFO - Connecting to ws://localhost:8765/
2026-01-21 20:05:31 - INFO - Waiting up to 10 seconds for WebSocket connection...
2026-01-21 20:05:31 - ERROR - WebSocket connection error: conn fail: 111
2026-01-21 20:05:31 - ERROR - Failed to connect to server. Check:
2026-01-21 20:05:31 - ERROR -   - Server is running and accessible
2026-01-21 20:05:31 - ERROR -   - Server URL and port are correct
2026-01-21 20:05:31 - ERROR -   - Firewall allows connection
2026-01-21 20:05:31 - ERROR -   - Network connectivity is working
2026-01-21 20:05:31 - INFO - Server connection lost. Exiting gracefully...
2026-01-21 20:05:31 - ERROR - Connection timeout after 10 seconds - failed to establish WebSocket connection
2026-01-21 20:05:31 - ERROR - Server may be unreachable or not responding
2026-01-21 20:05:31 - INFO - Reconnecting in 5 seconds... (attempt 1/10)
2026-01-21 20:05:36 - INFO - Client stopped
