2026-01-21 20:12:16,075 - __main__ - INFO - Logging to: /home/golden/Desktop/brainboost_tools/subjective_user_input_c/logs/server_20260121201216.log
2026-01-21 20:12:16,103 - config_loader - INFO - Loaded configuration from /home/golden/Desktop/brainboost_tools/subjective_user_input_c/config/devices.conf
2026-01-21 20:12:16,103 - config_loader - INFO - Loaded computer: goldenthinker (role=player, monitors=1)
2026-01-21 20:12:16,103 - __main__ - INFO - Loaded configuration: 2 monitor links
2026-01-21 20:12:16,106 - config_loader - WARNING - Configuration file devices.conf not found, using defaults
2026-01-21 20:12:16,106 - __main__ - INFO - Loaded server config from devices.conf: port=8765
2026-01-21 20:12:16,106 - __main__ - INFO - SSL disabled (--no-ssl flag)
2026-01-21 20:12:16,110 - __main__ - INFO - Starting Input Server on 0.0.0.0:8765
2026-01-21 20:12:16,110 - __main__ - INFO - Input device registered: mylaptop
2026-01-21 20:12:16,112 - websockets.server - INFO - server listening on 0.0.0.0:8765
2026-01-21 20:12:16,112 - __main__ - INFO - Input Server running on ws://0.0.0.0:8765
2026-01-21 20:12:16,112 - __main__ - INFO - Health check available at http://0.0.0.0:8765/health
2026-01-21 20:12:18,031 - websockets.server - INFO - connection open
2026-01-21 20:12:18,032 - __main__ - INFO - Client connected: 127.0.0.1:57000
2026-01-21 20:12:18,032 - layout_manager - INFO - ✓ Registered MAIN computer (first to connect): goldenthinker at origin
2026-01-21 20:12:18,032 - __main__ - INFO - Input device registered: goldenthinker
2026-01-21 20:12:18,032 - __main__ - INFO - ======================================================================
2026-01-21 20:12:18,032 - __main__ - INFO - 🔒 INITIAL LOCK STATE
2026-01-21 20:12:18,032 - __main__ - INFO -   Main computer goldenthinker:m0 is LOCKED (ACTIVE)
2026-01-21 20:12:18,032 - __main__ - INFO -   All other computers will start as UNLOCKED (INACTIVE)
2026-01-21 20:12:18,032 - __main__ - INFO - ======================================================================
2026-01-21 20:12:18,032 - __main__ - INFO - 

╔═══════════════════════════════════════════════════════════════╗
║              DYNAMIC MONITOR LAYOUT                           ║
╚═══════════════════════════════════════════════════════════════╝

                      
 ███████████████████  
 █                 █  
 █                 █  
 █                 █  
 █                 █  
 █    goldenth     █  
 █    1920x1080    █  
 █                 █  
 █                 █  
 ███████████████████  
                      
                      

Legend:
  █ = Main computer (has physical keyboard/mouse)
  ▓ = Player computer (receives input remotely)

Connected: 1 computer(s)
Main: goldenthinker
Order: goldenthinker
Links: 0 edge connection(s)

2026-01-21 20:12:42,232 - __main__ - INFO - 🔄 Edge crossing request: goldenthinker:m0 [bottom] at (1589.0, 1079.0)
2026-01-21 20:12:42,232 - __main__ - WARNING - ❌ No edge link found for goldenthinker:m0 edge=bottom
2026-01-21 20:13:07,305 - __main__ - INFO - 🔄 Edge crossing request: goldenthinker:m0 [bottom] at (1263.0, 1079.0)
2026-01-21 20:13:07,305 - __main__ - WARNING - ❌ No edge link found for goldenthinker:m0 edge=bottom
2026-01-21 20:13:24,188 - __main__ - INFO - 🔄 Edge crossing request: goldenthinker:m0 [bottom] at (547.0, 1079.0)
2026-01-21 20:13:24,188 - __main__ - WARNING - ❌ No edge link found for goldenthinker:m0 edge=bottom
2026-01-21 20:13:25,756 - __main__ - INFO - Shutdown signal received, stopping server gracefully...
2026-01-21 20:13:25,757 - __main__ - INFO - Server stopping...
2026-01-21 20:13:25,757 - __main__ - INFO - Shutdown signal received, stopping server gracefully...
2026-01-21 20:13:25,757 - websockets.server - INFO - server closing
